2017-07-26 22:44:54,814 INFO  [org.jboss.modules] (main) JBoss Modules version 1.5.2.Final
2017-07-26 22:44:55,201 INFO  [org.jboss.msc] (main) JBoss MSC version 1.2.6.Final
2017-07-26 22:44:55,290 INFO  [org.jboss.as] (MSC service thread 1-6) WFLYSRV0049: WildFly Full 10.1.0.Final (WildFly Core 2.2.0.Final) starting
2017-07-26 22:44:55,292 DEBUG [org.jboss.as.config] (MSC service thread 1-6) Configured system properties:
	awt.toolkit = sun.awt.windows.WToolkit
	file.encoding = Cp1252
	file.encoding.pkg = sun.io
	file.separator = \
	java.awt.graphicsenv = sun.awt.Win32GraphicsEnvironment
	java.awt.printerjob = sun.awt.windows.WPrinterJob
	java.class.path = F:\Leonardo\English Learning\learningEglish_SERVER\wildfly-10.1.0.Final\jboss-modules.jar
	java.class.version = 52.0
	java.endorsed.dirs = C:\Program Files\Java\jdk1.8.0_73\jre\lib\endorsed
	java.ext.dirs = C:\Program Files\Java\jdk1.8.0_73\jre\lib\ext;C:\WINDOWS\Sun\Java\lib\ext
	java.home = C:\Program Files\Java\jdk1.8.0_73\jre
	java.io.tmpdir = C:\Users\Leonardo\AppData\Local\Temp\
	java.library.path = C:\Program Files\Java\jdk1.8.0_73\bin;C:\WINDOWS\Sun\Java\bin;C:\WINDOWS\system32;C:\WINDOWS;C:\ProgramData\Oracle\Java\javapath;C:\WINDOWS\system32;C:\WINDOWS;C:\WINDOWS\System32\Wbem;C:\WINDOWS\System32\WindowsPowerShell\v1.0\;C:\Program Files\Java\jdk1.8.0_73\bin;C:\Users\Leonardo\apache-maven-3.3.9\bin;C:\Program Files\PostgreSQL\9.4\bin;C:\gradle-3.0\bin;C:\Program Files\Git\cmd;C:\Program Files (x86)\Skype\Phone\;C:\Program Files\nodejs\;C:\ProgramData\Oracle\Java\javapath;C:\WINDOWS\system32;C:\WINDOWS;C:\WINDOWS\System32\Wbem;C:\WINDOWS\System32\WindowsPowerShell\v1.0\;C:\Program Files (x86)\Skype\Phone\;C:\Program Files\Java\jdk1.8.0_73\bin;C:\Users\Leonardo\apache-maven-3.3.9\bin;C:\Program Files\PostgreSQL\9.4\bin;C:\gradle-3.0\bin;C:\Program Files\nodejs\;C:\Program Files\Git\cmd;C:\Users\Leonardo\AppData\Local\Microsoft\WindowsApps;C:\Program Files (x86)\Microsoft VS Code\bin;C:\Users\Leonardo\AppData\Roaming\npm;.
	java.net.preferIPv4Stack = true
	java.runtime.name = Java(TM) SE Runtime Environment
	java.runtime.version = 1.8.0_73-b02
	java.specification.name = Java Platform API Specification
	java.specification.vendor = Oracle Corporation
	java.specification.version = 1.8
	java.util.logging.manager = org.jboss.logmanager.LogManager
	java.vendor = Oracle Corporation
	java.vendor.url = http://java.oracle.com/
	java.vendor.url.bug = http://bugreport.sun.com/bugreport/
	java.version = 1.8.0_73
	java.vm.info = mixed mode
	java.vm.name = Java HotSpot(TM) 64-Bit Server VM
	java.vm.specification.name = Java Virtual Machine Specification
	java.vm.specification.vendor = Oracle Corporation
	java.vm.specification.version = 1.8
	java.vm.vendor = Oracle Corporation
	java.vm.version = 25.73-b02
	javax.management.builder.initial = org.jboss.as.jmx.PluggableMBeanServerBuilder
	javax.xml.datatype.DatatypeFactory = __redirected.__DatatypeFactory
	javax.xml.parsers.DocumentBuilderFactory = __redirected.__DocumentBuilderFactory
	javax.xml.parsers.SAXParserFactory = __redirected.__SAXParserFactory
	javax.xml.stream.XMLEventFactory = __redirected.__XMLEventFactory
	javax.xml.stream.XMLInputFactory = __redirected.__XMLInputFactory
	javax.xml.stream.XMLOutputFactory = __redirected.__XMLOutputFactory
	javax.xml.transform.TransformerFactory = __redirected.__TransformerFactory
	javax.xml.validation.SchemaFactory:http://www.w3.org/2001/XMLSchema = __redirected.__SchemaFactory
	javax.xml.xpath.XPathFactory:http://java.sun.com/jaxp/xpath/dom = __redirected.__XPathFactory
	jboss.home.dir = F:\Leonardo\English Learning\learningEglish_SERVER\wildfly-10.1.0.Final
	jboss.host.name = desktop-9mu8o05
	jboss.modules.dir = F:\Leonardo\English Learning\learningEglish_SERVER\wildfly-10.1.0.Final\modules
	jboss.modules.system.pkgs = org.jboss.byteman
	jboss.node.name = desktop-9mu8o05
	jboss.qualified.host.name = desktop-9mu8o05
	jboss.server.base.dir = F:\Leonardo\English Learning\learningEglish_SERVER\wildfly-10.1.0.Final\standalone
	jboss.server.config.dir = F:\Leonardo\English Learning\learningEglish_SERVER\wildfly-10.1.0.Final\standalone\configuration
	jboss.server.data.dir = F:\Leonardo\English Learning\learningEglish_SERVER\wildfly-10.1.0.Final\standalone\data
	jboss.server.deploy.dir = F:\Leonardo\English Learning\learningEglish_SERVER\wildfly-10.1.0.Final\standalone\data\content
	jboss.server.log.dir = F:\Leonardo\English Learning\learningEglish_SERVER\wildfly-10.1.0.Final\standalone\log
	jboss.server.name = desktop-9mu8o05
	jboss.server.persist.config = true
	jboss.server.temp.dir = F:\Leonardo\English Learning\learningEglish_SERVER\wildfly-10.1.0.Final\standalone\tmp
	line.separator = 

	logging.configuration = file:F:\Leonardo\English Learning\learningEglish_SERVER\wildfly-10.1.0.Final\standalone\configuration/logging.properties
	module.path = F:\Leonardo\English Learning\learningEglish_SERVER\wildfly-10.1.0.Final\modules
	org.jboss.boot.log.file = F:\Leonardo\English Learning\learningEglish_SERVER\wildfly-10.1.0.Final\standalone\log\server.log
	org.jboss.resolver.warning = true
	org.xml.sax.driver = __redirected.__XMLReaderFactory
	os.arch = amd64
	os.name = Windows 10
	os.version = 10.0
	path.separator = ;
	program.name = standalone.bat
	sun.arch.data.model = 64
	sun.boot.class.path = C:\Program Files\Java\jdk1.8.0_73\jre\lib\resources.jar;C:\Program Files\Java\jdk1.8.0_73\jre\lib\rt.jar;C:\Program Files\Java\jdk1.8.0_73\jre\lib\sunrsasign.jar;C:\Program Files\Java\jdk1.8.0_73\jre\lib\jsse.jar;C:\Program Files\Java\jdk1.8.0_73\jre\lib\jce.jar;C:\Program Files\Java\jdk1.8.0_73\jre\lib\charsets.jar;C:\Program Files\Java\jdk1.8.0_73\jre\lib\jfr.jar;C:\Program Files\Java\jdk1.8.0_73\jre\classes
	sun.boot.library.path = C:\Program Files\Java\jdk1.8.0_73\jre\bin
	sun.cpu.endian = little
	sun.cpu.isalist = amd64
	sun.desktop = windows
	sun.io.unicode.encoding = UnicodeLittle
	sun.java.command = F:\Leonardo\English Learning\learningEglish_SERVER\wildfly-10.1.0.Final\jboss-modules.jar -mp F:\Leonardo\English Learning\learningEglish_SERVER\wildfly-10.1.0.Final\modules org.jboss.as.standalone -Djboss.home.dir=F:\Leonardo\English Learning\learningEglish_SERVER\wildfly-10.1.0.Final
	sun.java.launcher = SUN_STANDARD
	sun.jnu.encoding = Cp1252
	sun.management.compiler = HotSpot 64-Bit Tiered Compilers
	sun.os.patch.level = 
	sun.stderr.encoding = cp850
	sun.stdout.encoding = cp850
	user.country = 419
	user.dir = F:\Leonardo\English Learning\learningEglish_SERVER\wildfly-10.1.0.Final\bin
	user.home = C:\Users\Leonardo
	user.language = es
	user.name = Leonardo
	user.script = 
	user.timezone = America/Bogota
	user.variant = 
2017-07-26 22:44:55,293 DEBUG [org.jboss.as.config] (MSC service thread 1-6) VM Arguments: -Dprogram.name=standalone.bat -Xms64M -Xmx512M -XX:MetaspaceSize=96M -XX:MaxMetaspaceSize=256m -Djava.net.preferIPv4Stack=true -Djboss.modules.system.pkgs=org.jboss.byteman -Dorg.jboss.boot.log.file=F:\Leonardo\English Learning\learningEglish_SERVER\wildfly-10.1.0.Final\standalone\log\server.log -Dlogging.configuration=file:F:\Leonardo\English Learning\learningEglish_SERVER\wildfly-10.1.0.Final\standalone\configuration/logging.properties 
2017-07-26 22:44:59,664 INFO  [org.jboss.as.server] (Controller Boot Thread) WFLYSRV0039: Creating http management service using socket-binding (management-http)
2017-07-26 22:44:59,961 INFO  [org.xnio] (MSC service thread 1-5) XNIO version 3.4.0.Final
2017-07-26 22:45:00,052 INFO  [org.xnio.nio] (MSC service thread 1-5) XNIO NIO Implementation Version 3.4.0.Final
2017-07-26 22:45:00,118 INFO  [org.jboss.as.clustering.infinispan] (ServerService Thread Pool -- 38) WFLYCLINF0001: Activating Infinispan subsystem.
2017-07-26 22:45:00,126 WARN  [org.jboss.as.txn] (ServerService Thread Pool -- 54) WFLYTX0013: Node identifier property is set to the default value. Please make sure it is unique.
2017-07-26 22:45:00,189 INFO  [org.jboss.as.security] (ServerService Thread Pool -- 53) WFLYSEC0002: Activating Security Subsystem
2017-07-26 22:45:00,189 INFO  [org.jboss.as.jsf] (ServerService Thread Pool -- 44) WFLYJSF0007: Activated the following JSF Implementations: [main]
2017-07-26 22:45:00,192 INFO  [org.jboss.as.webservices] (ServerService Thread Pool -- 56) WFLYWS0002: Activating WebServices Extension
2017-07-26 22:45:00,242 INFO  [org.jboss.as.security] (MSC service thread 1-8) WFLYSEC0001: Current PicketBox version=4.9.6.Final
2017-07-26 22:45:00,302 INFO  [org.wildfly.extension.io] (ServerService Thread Pool -- 37) WFLYIO001: Worker 'default' has auto-configured to 8 core threads with 64 task threads based on your 4 available processors
2017-07-26 22:45:00,516 INFO  [org.jboss.remoting] (MSC service thread 1-6) JBoss Remoting version 4.0.21.Final
2017-07-26 22:45:00,553 INFO  [org.jboss.as.connector] (MSC service thread 1-1) WFLYJCA0009: Starting JCA Subsystem (WildFly/IronJacamar 1.3.4.Final)
2017-07-26 22:45:00,827 INFO  [org.jboss.as.naming] (ServerService Thread Pool -- 46) WFLYNAM0001: Activating Naming Subsystem
2017-07-26 22:45:01,033 INFO  [org.jboss.as.naming] (MSC service thread 1-4) WFLYNAM0003: Starting Naming Service
2017-07-26 22:45:01,034 INFO  [org.jboss.as.mail.extension] (MSC service thread 1-6) WFLYMAIL0001: Bound mail session [java:jboss/mail/Default]
2017-07-26 22:45:01,406 INFO  [org.wildfly.extension.undertow] (MSC service thread 1-4) WFLYUT0003: Undertow 1.4.0.Final starting
2017-07-26 22:45:01,679 INFO  [org.jboss.as.connector.subsystems.datasources] (ServerService Thread Pool -- 33) WFLYJCA0004: Deploying JDBC-compliant driver class org.h2.Driver (version 1.3)
2017-07-26 22:45:01,682 INFO  [org.jboss.as.connector.deployers.jdbc] (MSC service thread 1-5) WFLYJCA0018: Started Driver service with driver-name = h2
2017-07-26 22:45:03,044 INFO  [org.wildfly.extension.undertow] (ServerService Thread Pool -- 55) WFLYUT0014: Creating file handler for path 'F:\Leonardo\English Learning\learningEglish_SERVER\wildfly-10.1.0.Final/welcome-content' with options [directory-listing: 'false', follow-symlink: 'false', case-sensitive: 'true', safe-symlink-paths: '[]']
2017-07-26 22:45:03,283 INFO  [org.wildfly.extension.undertow] (MSC service thread 1-2) WFLYUT0012: Started server default-server.
2017-07-26 22:45:03,299 INFO  [org.wildfly.extension.undertow] (MSC service thread 1-2) WFLYUT0018: Host default-host starting
2017-07-26 22:45:03,695 INFO  [org.jboss.as.ejb3] (MSC service thread 1-3) WFLYEJB0482: Strict pool mdb-strict-max-pool is using a max instance size of 16 (per class), which is derived from the number of CPUs on this host.
2017-07-26 22:45:03,695 INFO  [org.jboss.as.ejb3] (MSC service thread 1-2) WFLYEJB0481: Strict pool slsb-strict-max-pool is using a max instance size of 64 (per class), which is derived from thread worker pool sizing.
2017-07-26 22:45:03,890 INFO  [org.jboss.as.connector.subsystems.datasources] (MSC service thread 1-1) WFLYJCA0001: Bound data source [java:jboss/datasources/ExampleDS]
2017-07-26 22:45:03,977 INFO  [org.wildfly.extension.undertow] (MSC service thread 1-8) WFLYUT0006: Undertow HTTP listener default listening on 127.0.0.1:8080
2017-07-26 22:45:04,704 WARN  [org.jboss.as.domain.management.security] (MSC service thread 1-4) WFLYDM0111: Keystore F:\Leonardo\English Learning\learningEglish_SERVER\wildfly-10.1.0.Final\standalone\configuration\application.keystore not found, it will be auto generated on first use with a self signed certificate for host localhost
2017-07-26 22:45:04,884 INFO  [org.jboss.as.server.deployment.scanner] (MSC service thread 1-4) WFLYDS0013: Started FileSystemDeploymentService for directory F:\Leonardo\English Learning\learningEglish_SERVER\wildfly-10.1.0.Final\standalone\deployments
2017-07-26 22:45:05,094 INFO  [org.wildfly.extension.undertow] (MSC service thread 1-3) WFLYUT0006: Undertow HTTPS listener https listening on 127.0.0.1:8443
2017-07-26 22:45:05,361 INFO  [org.infinispan.factories.GlobalComponentRegistry] (MSC service thread 1-2) ISPN000128: Infinispan version: Infinispan 'Chakra' 8.2.4.Final
2017-07-26 22:45:05,457 INFO  [org.infinispan.configuration.cache.EvictionConfigurationBuilder] (ServerService Thread Pool -- 65) ISPN000152: Passivation configured without an eviction policy being selected. Only manually evicted entities will be passivated.
2017-07-26 22:45:05,462 INFO  [org.infinispan.configuration.cache.EvictionConfigurationBuilder] (ServerService Thread Pool -- 63) ISPN000152: Passivation configured without an eviction policy being selected. Only manually evicted entities will be passivated.
2017-07-26 22:45:05,465 INFO  [org.infinispan.configuration.cache.EvictionConfigurationBuilder] (ServerService Thread Pool -- 64) ISPN000152: Passivation configured without an eviction policy being selected. Only manually evicted entities will be passivated.
2017-07-26 22:45:05,468 INFO  [org.infinispan.configuration.cache.EvictionConfigurationBuilder] (ServerService Thread Pool -- 65) ISPN000152: Passivation configured without an eviction policy being selected. Only manually evicted entities will be passivated.
2017-07-26 22:45:05,474 INFO  [org.infinispan.configuration.cache.EvictionConfigurationBuilder] (ServerService Thread Pool -- 64) ISPN000152: Passivation configured without an eviction policy being selected. Only manually evicted entities will be passivated.
2017-07-26 22:45:05,477 INFO  [org.infinispan.configuration.cache.EvictionConfigurationBuilder] (ServerService Thread Pool -- 63) ISPN000152: Passivation configured without an eviction policy being selected. Only manually evicted entities will be passivated.
2017-07-26 22:45:05,880 INFO  [org.jboss.ws.common.management] (MSC service thread 1-3) JBWS022052: Starting JBossWS 5.1.5.Final (Apache CXF 3.1.6) 
2017-07-26 22:45:06,120 INFO  [org.jboss.as] (Controller Boot Thread) WFLYSRV0060: Http management interface listening on http://127.0.0.1:9990/management
2017-07-26 22:45:06,121 INFO  [org.jboss.as] (Controller Boot Thread) WFLYSRV0051: Admin console listening on http://127.0.0.1:9990
2017-07-26 22:45:06,123 INFO  [org.jboss.as] (Controller Boot Thread) WFLYSRV0025: WildFly Full 10.1.0.Final (WildFly Core 2.2.0.Final) started in 11732ms - Started 331 of 577 services (393 services are lazy, passive or on-demand)
2017-07-26 22:46:40,222 INFO  [org.jboss.as.repository] (External Management Request Threads -- 5) WFLYDR0001: Content added at location F:\Leonardo\English Learning\learningEglish_SERVER\wildfly-10.1.0.Final\standalone\data\content\72\1e3017fab68db9f0b08537ec91b8d757973ca8\content
2017-07-26 22:46:40,281 INFO  [org.jboss.as.server.deployment] (MSC service thread 1-7) WFLYSRV0027: Starting deployment of "postgresql-9.4.1211.jar" (runtime-name: "postgresql-9.4.1211.jar")
2017-07-26 22:46:41,036 INFO  [org.jboss.as.connector.deployers.jdbc] (MSC service thread 1-5) WFLYJCA0005: Deploying non-JDBC-compliant driver class org.postgresql.Driver (version 9.4)
2017-07-26 22:46:41,086 INFO  [org.jboss.as.connector.deployers.jdbc] (MSC service thread 1-6) WFLYJCA0018: Started Driver service with driver-name = postgresql-9.4.1211.jar
2017-07-26 22:46:41,393 INFO  [org.jboss.as.server] (External Management Request Threads -- 5) WFLYSRV0010: Deployed "postgresql-9.4.1211.jar" (runtime-name : "postgresql-9.4.1211.jar")
2017-07-26 22:48:12,022 INFO  [org.jboss.as.connector.subsystems.datasources] (MSC service thread 1-7) WFLYJCA0001: Bound data source [java:/PostgresDS_English]
2017-07-26 22:48:34,605 INFO  [org.jboss.as.server] (Thread-2) WFLYSRV0220: Server shutdown has been requested via an OS signal
2017-07-26 22:48:34,666 INFO  [org.jboss.as.connector.subsystems.datasources] (MSC service thread 1-5) WFLYJCA0010: Unbound data source [java:/PostgresDS_English]
2017-07-26 22:48:34,681 INFO  [org.jboss.as.connector.subsystems.datasources] (MSC service thread 1-3) WFLYJCA0010: Unbound data source [java:jboss/datasources/ExampleDS]
2017-07-26 22:48:34,687 INFO  [org.jboss.as.connector.deployers.jdbc] (MSC service thread 1-8) WFLYJCA0019: Stopped Driver service with driver-name = h2
2017-07-26 22:48:34,691 INFO  [org.wildfly.extension.undertow] (MSC service thread 1-5) WFLYUT0019: Host default-host stopping
2017-07-26 22:48:34,713 INFO  [org.jboss.as.connector.deployers.jdbc] (MSC service thread 1-5) WFLYJCA0019: Stopped Driver service with driver-name = postgresql-9.4.1211.jar
2017-07-26 22:48:34,724 INFO  [org.wildfly.extension.undertow] (MSC service thread 1-3) WFLYUT0008: Undertow HTTPS listener https suspending
2017-07-26 22:48:34,724 INFO  [org.wildfly.extension.undertow] (MSC service thread 1-4) WFLYUT0008: Undertow HTTP listener default suspending
2017-07-26 22:48:34,728 INFO  [org.wildfly.extension.undertow] (MSC service thread 1-3) WFLYUT0007: Undertow HTTPS listener https stopped, was bound to 127.0.0.1:8443
2017-07-26 22:48:34,728 INFO  [org.wildfly.extension.undertow] (MSC service thread 1-4) WFLYUT0007: Undertow HTTP listener default stopped, was bound to 127.0.0.1:8080
2017-07-26 22:48:34,730 INFO  [org.jboss.as.server.deployment] (MSC service thread 1-6) WFLYSRV0028: Stopped deployment postgresql-9.4.1211.jar (runtime-name: postgresql-9.4.1211.jar) in 92ms
2017-07-26 22:48:34,736 INFO  [org.wildfly.extension.undertow] (MSC service thread 1-4) WFLYUT0004: Undertow 1.4.0.Final stopping
2017-07-26 22:48:34,750 INFO  [org.jboss.as] (MSC service thread 1-1) WFLYSRV0050: WildFly Full 10.1.0.Final (WildFly Core 2.2.0.Final) stopped in 117ms
